<?xml version="1.0" encoding="UTF-8"?>
<!-- Generated by org.testng.reporters.JUnitReportReporter -->
<testsuite hostname="Bebo" failures="0" tests="1" name="tests.LoginTest" time="12.781" errors="0" timestamp="2025-04-14T16:38:22 IST" skipped="0">
  <testcase classname="tests.LoginTest" name="testValidLogin" time="12.781"/>
</testsuite> <!-- tests.LoginTest -->
