<?xml version="1.0" encoding="UTF-8"?>
<!-- Generated by org.testng.reporters.JUnitReportReporter -->
<testsuite hostname="Bebo" failures="0" tests="2" name="tests.LoginTest" time="8.983" errors="0" timestamp="2025-04-15T17:33:23 IST" skipped="1">
  <testcase classname="tests.LoginTest" name="testValidLogin" time="8.983"/>
  <testcase classname="tests.LoginTest" name="testInvalidLogin">
    <skipped/>
  </testcase> <!-- testInvalidLogin -->
</testsuite> <!-- tests.LoginTest -->
