<?xml version="1.0" encoding="UTF-8"?>
<!-- Generated by org.testng.reporters.JUnitReportReporter -->
<testsuite hostname="Bebo" failures="0" tests="1" name="tests.LoginTest" time="14.349" errors="0" timestamp="2025-04-15T10:51:35 IST" skipped="0">
  <testcase classname="tests.LoginTest" name="testValidLogin" time="14.349"/>
</testsuite> <!-- tests.LoginTest -->
