<?xml version="1.0" encoding="UTF-8"?>
<!-- Generated by org.testng.reporters.JUnitReportReporter -->
<testsuite hostname="Bebo" failures="0" tests="1" name="tests.LoginTest" time="7.784" errors="0" timestamp="2025-04-14T16:13:58 IST" skipped="0">
  <testcase classname="tests.LoginTest" name="testValidLogin" time="7.784"/>
</testsuite> <!-- tests.LoginTest -->
